ARM GAS  C:\Users\Pearl\AppData\Local\Temp\ccvov0rj.s 			page 1


   1              		.cpu cortex-m3
   2              		.eabi_attribute 20, 1
   3              		.eabi_attribute 21, 1
   4              		.eabi_attribute 23, 3
   5              		.eabi_attribute 24, 1
   6              		.eabi_attribute 25, 1
   7              		.eabi_attribute 26, 1
   8              		.eabi_attribute 30, 2
   9              		.eabi_attribute 34, 1
  10              		.eabi_attribute 18, 4
  11              		.file	"chtrace.c"
  12              		.text
  13              	.Ltext0:
  14              		.cfi_sections	.debug_frame
  15              	.Letext0:
  16              		.file 1 "c:\\chibistudio\\tools\\gnu tools arm embedded\\7.0 2017q4\\lib\\gcc\\arm-none-eabi\\7.2.
  17              		.file 2 "c:\\chibistudio\\tools\\gnu tools arm embedded\\7.0 2017q4\\arm-none-eabi\\include\\machi
  18              		.file 3 "c:\\chibistudio\\tools\\gnu tools arm embedded\\7.0 2017q4\\arm-none-eabi\\include\\sys\\
  19              		.file 4 ".//os/common/ports/ARMCMx/compilers/GCC/chtypes.h"
  20              		.file 5 ".//os/rt/include/chsystypes.h"
  21              		.file 6 ".//os/rt/include/chschd.h"
  22              		.file 7 ".//os/rt/include/chtime.h"
  23              		.file 8 ".//os/common/ext/ARM/CMSIS/Core/Include/core_cm3.h"
  24              		.file 9 ".//os/common/ext/ST/STM32F1xx/system_stm32f1xx.h"
  25              		.file 10 ".//os/common/ports/ARMCMx/chcore.h"
  26              		.file 11 ".//os/common/ports/ARMCMx/chcore_v7m.h"
  27              		.file 12 ".//os/rt/include/chsem.h"
  28              		.file 13 ".//os/rt/include/chmtx.h"
  29              		.file 14 ".//os/rt/include/chsys.h"
  30              		.file 15 ".//os/rt/include/chregistry.h"
  31              		.file 16 ".//os/lib/include/chmemcore.h"
  32              		.file 17 ".//os/lib/include/chmempools.h"
  33              		.file 18 ".//os/lib/include/chfactory.h"
  34              		.section	.debug_info,"",%progbits
  35              	.Ldebug_info0:
  36 0000 4E090000 		.4byte	0x94e
  37 0004 0400     		.2byte	0x4
  38 0006 00000000 		.4byte	.Ldebug_abbrev0
  39 000a 04       		.byte	0x4
  40 000b 01       		.uleb128 0x1
  41 000c 5C040000 		.4byte	.LASF141
  42 0010 0C       		.byte	0xc
  43 0011 30000000 		.4byte	.LASF142
  44 0015 51020000 		.4byte	.LASF143
  45 0019 00000000 		.4byte	.Ldebug_line0
  46 001d 02       		.uleb128 0x2
  47 001e 04       		.byte	0x4
  48 001f 05       		.byte	0x5
  49 0020 696E7400 		.ascii	"int\000"
  50 0024 03       		.uleb128 0x3
  51 0025 31020000 		.4byte	.LASF4
  52 0029 01       		.byte	0x1
  53 002a D8       		.byte	0xd8
  54 002b 2F000000 		.4byte	0x2f
  55 002f 04       		.uleb128 0x4
  56 0030 04       		.byte	0x4
  57 0031 07       		.byte	0x7
ARM GAS  C:\Users\Pearl\AppData\Local\Temp\ccvov0rj.s 			page 2


  58 0032 87000000 		.4byte	.LASF0
  59 0036 04       		.uleb128 0x4
  60 0037 08       		.byte	0x8
  61 0038 05       		.byte	0x5
  62 0039 52030000 		.4byte	.LASF1
  63 003d 04       		.uleb128 0x4
  64 003e 08       		.byte	0x8
  65 003f 04       		.byte	0x4
  66 0040 DA030000 		.4byte	.LASF2
  67 0044 04       		.uleb128 0x4
  68 0045 01       		.byte	0x1
  69 0046 06       		.byte	0x6
  70 0047 31060000 		.4byte	.LASF3
  71 004b 03       		.uleb128 0x3
  72 004c 42050000 		.4byte	.LASF5
  73 0050 02       		.byte	0x2
  74 0051 2B       		.byte	0x2b
  75 0052 56000000 		.4byte	0x56
  76 0056 04       		.uleb128 0x4
  77 0057 01       		.byte	0x1
  78 0058 08       		.byte	0x8
  79 0059 BF050000 		.4byte	.LASF6
  80 005d 04       		.uleb128 0x4
  81 005e 02       		.byte	0x2
  82 005f 05       		.byte	0x5
  83 0060 1B040000 		.4byte	.LASF7
  84 0064 03       		.uleb128 0x3
  85 0065 C1010000 		.4byte	.LASF8
  86 0069 02       		.byte	0x2
  87 006a 39       		.byte	0x39
  88 006b 6F000000 		.4byte	0x6f
  89 006f 04       		.uleb128 0x4
  90 0070 02       		.byte	0x2
  91 0071 07       		.byte	0x7
  92 0072 43060000 		.4byte	.LASF9
  93 0076 03       		.uleb128 0x3
  94 0077 B9000000 		.4byte	.LASF10
  95 007b 02       		.byte	0x2
  96 007c 4D       		.byte	0x4d
  97 007d 81000000 		.4byte	0x81
  98 0081 04       		.uleb128 0x4
  99 0082 04       		.byte	0x4
 100 0083 05       		.byte	0x5
 101 0084 25040000 		.4byte	.LASF11
 102 0088 03       		.uleb128 0x3
 103 0089 CD050000 		.4byte	.LASF12
 104 008d 02       		.byte	0x2
 105 008e 4F       		.byte	0x4f
 106 008f 93000000 		.4byte	0x93
 107 0093 04       		.uleb128 0x4
 108 0094 04       		.byte	0x4
 109 0095 07       		.byte	0x7
 110 0096 7D050000 		.4byte	.LASF13
 111 009a 03       		.uleb128 0x3
 112 009b 91020000 		.4byte	.LASF14
 113 009f 02       		.byte	0x2
 114 00a0 69       		.byte	0x69
ARM GAS  C:\Users\Pearl\AppData\Local\Temp\ccvov0rj.s 			page 3


 115 00a1 A5000000 		.4byte	0xa5
 116 00a5 04       		.uleb128 0x4
 117 00a6 08       		.byte	0x8
 118 00a7 07       		.byte	0x7
 119 00a8 AA010000 		.4byte	.LASF15
 120 00ac 03       		.uleb128 0x3
 121 00ad 04030000 		.4byte	.LASF16
 122 00b1 03       		.byte	0x3
 123 00b2 18       		.byte	0x18
 124 00b3 4B000000 		.4byte	0x4b
 125 00b7 05       		.uleb128 0x5
 126 00b8 AC000000 		.4byte	0xac
 127 00bc 03       		.uleb128 0x3
 128 00bd E6030000 		.4byte	.LASF17
 129 00c1 03       		.byte	0x3
 130 00c2 24       		.byte	0x24
 131 00c3 64000000 		.4byte	0x64
 132 00c7 03       		.uleb128 0x3
 133 00c8 A2050000 		.4byte	.LASF18
 134 00cc 03       		.byte	0x3
 135 00cd 2C       		.byte	0x2c
 136 00ce 76000000 		.4byte	0x76
 137 00d2 06       		.uleb128 0x6
 138 00d3 C7000000 		.4byte	0xc7
 139 00d7 03       		.uleb128 0x3
 140 00d8 52010000 		.4byte	.LASF19
 141 00dc 03       		.byte	0x3
 142 00dd 30       		.byte	0x30
 143 00de 88000000 		.4byte	0x88
 144 00e2 03       		.uleb128 0x3
 145 00e3 33050000 		.4byte	.LASF20
 146 00e7 03       		.byte	0x3
 147 00e8 3C       		.byte	0x3c
 148 00e9 9A000000 		.4byte	0x9a
 149 00ed 03       		.uleb128 0x3
 150 00ee C0030000 		.4byte	.LASF21
 151 00f2 04       		.byte	0x4
 152 00f3 2A       		.byte	0x2a
 153 00f4 AC000000 		.4byte	0xac
 154 00f8 03       		.uleb128 0x3
 155 00f9 FB020000 		.4byte	.LASF22
 156 00fd 04       		.byte	0x4
 157 00fe 2B       		.byte	0x2b
 158 00ff AC000000 		.4byte	0xac
 159 0103 03       		.uleb128 0x3
 160 0104 75050000 		.4byte	.LASF23
 161 0108 04       		.byte	0x4
 162 0109 2C       		.byte	0x2c
 163 010a AC000000 		.4byte	0xac
 164 010e 03       		.uleb128 0x3
 165 010f 87010000 		.4byte	.LASF24
 166 0113 04       		.byte	0x4
 167 0114 2E       		.byte	0x2e
 168 0115 D7000000 		.4byte	0xd7
 169 0119 03       		.uleb128 0x3
 170 011a 65030000 		.4byte	.LASF25
 171 011e 04       		.byte	0x4
ARM GAS  C:\Users\Pearl\AppData\Local\Temp\ccvov0rj.s 			page 4


 172 011f 2F       		.byte	0x2f
 173 0120 C7000000 		.4byte	0xc7
 174 0124 03       		.uleb128 0x3
 175 0125 63010000 		.4byte	.LASF26
 176 0129 04       		.byte	0x4
 177 012a 31       		.byte	0x31
 178 012b D7000000 		.4byte	0xd7
 179 012f 03       		.uleb128 0x3
 180 0130 CC010000 		.4byte	.LASF27
 181 0134 04       		.byte	0x4
 182 0135 33       		.byte	0x33
 183 0136 C7000000 		.4byte	0xc7
 184 013a 03       		.uleb128 0x3
 185 013b C8030000 		.4byte	.LASF28
 186 013f 04       		.byte	0x4
 187 0140 34       		.byte	0x34
 188 0141 D7000000 		.4byte	0xd7
 189 0145 03       		.uleb128 0x3
 190 0146 14020000 		.4byte	.LASF29
 191 014a 05       		.byte	0x5
 192 014b 34       		.byte	0x34
 193 014c 50010000 		.4byte	0x150
 194 0150 07       		.uleb128 0x7
 195 0151 24030000 		.4byte	.LASF47
 196 0155 44       		.byte	0x44
 197 0156 06       		.byte	0x6
 198 0157 8E       		.byte	0x8e
 199 0158 2E020000 		.4byte	0x22e
 200 015c 08       		.uleb128 0x8
 201 015d 9C050000 		.4byte	.LASF30
 202 0161 06       		.byte	0x6
 203 0162 8F       		.byte	0x8f
 204 0163 63020000 		.4byte	0x263
 205 0167 00       		.byte	0
 206 0168 08       		.uleb128 0x8
 207 0169 BC020000 		.4byte	.LASF31
 208 016d 06       		.byte	0x6
 209 016e 90       		.byte	0x90
 210 016f 0E010000 		.4byte	0x10e
 211 0173 08       		.byte	0x8
 212 0174 09       		.uleb128 0x9
 213 0175 63747800 		.ascii	"ctx\000"
 214 0179 06       		.byte	0x6
 215 017a 91       		.byte	0x91
 216 017b B5040000 		.4byte	0x4b5
 217 017f 0C       		.byte	0xc
 218 0180 08       		.uleb128 0x8
 219 0181 B9050000 		.4byte	.LASF32
 220 0185 06       		.byte	0x6
 221 0186 93       		.byte	0x93
 222 0187 39020000 		.4byte	0x239
 223 018b 10       		.byte	0x10
 224 018c 08       		.uleb128 0x8
 225 018d 88060000 		.4byte	.LASF33
 226 0191 06       		.byte	0x6
 227 0192 94       		.byte	0x94
 228 0193 39020000 		.4byte	0x239
ARM GAS  C:\Users\Pearl\AppData\Local\Temp\ccvov0rj.s 			page 5


 229 0197 14       		.byte	0x14
 230 0198 08       		.uleb128 0x8
 231 0199 59050000 		.4byte	.LASF34
 232 019d 06       		.byte	0x6
 233 019e 9B       		.byte	0x9b
 234 019f 19060000 		.4byte	0x619
 235 01a3 18       		.byte	0x18
 236 01a4 08       		.uleb128 0x8
 237 01a5 E2020000 		.4byte	.LASF35
 238 01a9 06       		.byte	0x6
 239 01aa A4       		.byte	0xa4
 240 01ab 30060000 		.4byte	0x630
 241 01af 1C       		.byte	0x1c
 242 01b0 08       		.uleb128 0x8
 243 01b1 0D060000 		.4byte	.LASF36
 244 01b5 06       		.byte	0x6
 245 01b6 A9       		.byte	0xa9
 246 01b7 F8000000 		.4byte	0xf8
 247 01bb 20       		.byte	0x20
 248 01bc 08       		.uleb128 0x8
 249 01bd 65000000 		.4byte	.LASF37
 250 01c1 06       		.byte	0x6
 251 01c2 AD       		.byte	0xad
 252 01c3 ED000000 		.4byte	0xed
 253 01c7 21       		.byte	0x21
 254 01c8 08       		.uleb128 0x8
 255 01c9 C3000000 		.4byte	.LASF38
 256 01cd 06       		.byte	0x6
 257 01ce B2       		.byte	0xb2
 258 01cf 03010000 		.4byte	0x103
 259 01d3 22       		.byte	0x22
 260 01d4 0A       		.uleb128 0xa
 261 01d5 7500     		.ascii	"u\000"
 262 01d7 06       		.byte	0x6
 263 01d8 0301     		.2byte	0x103
 264 01da 4F050000 		.4byte	0x54f
 265 01de 24       		.byte	0x24
 266 01df 0B       		.uleb128 0xb
 267 01e0 D8050000 		.4byte	.LASF39
 268 01e4 06       		.byte	0x6
 269 01e5 0801     		.2byte	0x108
 270 01e7 3F020000 		.4byte	0x23f
 271 01eb 28       		.byte	0x28
 272 01ec 0B       		.uleb128 0xb
 273 01ed 1B030000 		.4byte	.LASF40
 274 01f1 06       		.byte	0x6
 275 01f2 0E01     		.2byte	0x10e
 276 01f4 63020000 		.4byte	0x263
 277 01f8 2C       		.byte	0x2c
 278 01f9 0B       		.uleb128 0xb
 279 01fa 7E000000 		.4byte	.LASF41
 280 01fe 06       		.byte	0x6
 281 01ff 1401     		.2byte	0x114
 282 0201 24010000 		.4byte	0x124
 283 0205 34       		.byte	0x34
 284 0206 0B       		.uleb128 0xb
 285 0207 F5010000 		.4byte	.LASF42
ARM GAS  C:\Users\Pearl\AppData\Local\Temp\ccvov0rj.s 			page 6


 286 020b 06       		.byte	0x6
 287 020c 1B01     		.2byte	0x11b
 288 020e 13060000 		.4byte	0x613
 289 0212 38       		.byte	0x38
 290 0213 0B       		.uleb128 0xb
 291 0214 75000000 		.4byte	.LASF43
 292 0218 06       		.byte	0x6
 293 0219 1F01     		.2byte	0x11f
 294 021b 0E010000 		.4byte	0x10e
 295 021f 3C       		.byte	0x3c
 296 0220 0B       		.uleb128 0xb
 297 0221 A8060000 		.4byte	.LASF44
 298 0225 06       		.byte	0x6
 299 0226 2601     		.2byte	0x126
 300 0228 16030000 		.4byte	0x316
 301 022c 40       		.byte	0x40
 302 022d 00       		.byte	0
 303 022e 03       		.uleb128 0x3
 304 022f CF020000 		.4byte	.LASF45
 305 0233 05       		.byte	0x5
 306 0234 39       		.byte	0x39
 307 0235 39020000 		.4byte	0x239
 308 0239 0C       		.uleb128 0xc
 309 023a 04       		.byte	0x4
 310 023b 45010000 		.4byte	0x145
 311 023f 03       		.uleb128 0x3
 312 0240 A1000000 		.4byte	.LASF46
 313 0244 05       		.byte	0x5
 314 0245 3E       		.byte	0x3e
 315 0246 4A020000 		.4byte	0x24a
 316 024a 07       		.uleb128 0x7
 317 024b 00000000 		.4byte	.LASF48
 318 024f 04       		.byte	0x4
 319 0250 06       		.byte	0x6
 320 0251 7C       		.byte	0x7c
 321 0252 63020000 		.4byte	0x263
 322 0256 08       		.uleb128 0x8
 323 0257 94000000 		.4byte	.LASF49
 324 025b 06       		.byte	0x6
 325 025c 7D       		.byte	0x7d
 326 025d 39020000 		.4byte	0x239
 327 0261 00       		.byte	0
 328 0262 00       		.byte	0
 329 0263 03       		.uleb128 0x3
 330 0264 E5010000 		.4byte	.LASF50
 331 0268 05       		.byte	0x5
 332 0269 45       		.byte	0x45
 333 026a 6E020000 		.4byte	0x26e
 334 026e 07       		.uleb128 0x7
 335 026f 0B010000 		.4byte	.LASF51
 336 0273 08       		.byte	0x8
 337 0274 06       		.byte	0x6
 338 0275 83       		.byte	0x83
 339 0276 93020000 		.4byte	0x293
 340 027a 08       		.uleb128 0x8
 341 027b 94000000 		.4byte	.LASF49
 342 027f 06       		.byte	0x6
ARM GAS  C:\Users\Pearl\AppData\Local\Temp\ccvov0rj.s 			page 7


 343 0280 84       		.byte	0x84
 344 0281 39020000 		.4byte	0x239
 345 0285 00       		.byte	0
 346 0286 08       		.uleb128 0x8
 347 0287 06010000 		.4byte	.LASF52
 348 028b 06       		.byte	0x6
 349 028c 85       		.byte	0x85
 350 028d 39020000 		.4byte	0x239
 351 0291 04       		.byte	0x4
 352 0292 00       		.byte	0
 353 0293 03       		.uleb128 0x3
 354 0294 8F050000 		.4byte	.LASF53
 355 0298 05       		.byte	0x5
 356 0299 4C       		.byte	0x4c
 357 029a 9E020000 		.4byte	0x29e
 358 029e 0D       		.uleb128 0xd
 359 029f EC000000 		.4byte	.LASF54
 360 02a3 1C       		.byte	0x1c
 361 02a4 06       		.byte	0x6
 362 02a5 5E01     		.2byte	0x15e
 363 02a7 FA020000 		.4byte	0x2fa
 364 02ab 0B       		.uleb128 0xb
 365 02ac 9C050000 		.4byte	.LASF30
 366 02b0 06       		.byte	0x6
 367 02b1 5F01     		.2byte	0x15f
 368 02b3 63020000 		.4byte	0x263
 369 02b7 00       		.byte	0
 370 02b8 0B       		.uleb128 0xb
 371 02b9 BC020000 		.4byte	.LASF31
 372 02bd 06       		.byte	0x6
 373 02be 6001     		.2byte	0x160
 374 02c0 0E010000 		.4byte	0x10e
 375 02c4 08       		.byte	0x8
 376 02c5 0A       		.uleb128 0xa
 377 02c6 63747800 		.ascii	"ctx\000"
 378 02ca 06       		.byte	0x6
 379 02cb 6201     		.2byte	0x162
 380 02cd B5040000 		.4byte	0x4b5
 381 02d1 0C       		.byte	0xc
 382 02d2 0B       		.uleb128 0xb
 383 02d3 B9050000 		.4byte	.LASF32
 384 02d7 06       		.byte	0x6
 385 02d8 6501     		.2byte	0x165
 386 02da 39020000 		.4byte	0x239
 387 02de 10       		.byte	0x10
 388 02df 0B       		.uleb128 0xb
 389 02e0 88060000 		.4byte	.LASF33
 390 02e4 06       		.byte	0x6
 391 02e5 6601     		.2byte	0x166
 392 02e7 39020000 		.4byte	0x239
 393 02eb 14       		.byte	0x14
 394 02ec 0B       		.uleb128 0xb
 395 02ed 71060000 		.4byte	.LASF55
 396 02f1 06       		.byte	0x6
 397 02f2 6901     		.2byte	0x169
 398 02f4 39020000 		.4byte	0x239
 399 02f8 18       		.byte	0x18
ARM GAS  C:\Users\Pearl\AppData\Local\Temp\ccvov0rj.s 			page 8


 400 02f9 00       		.byte	0
 401 02fa 03       		.uleb128 0x3
 402 02fb 39010000 		.4byte	.LASF56
 403 02ff 05       		.byte	0x5
 404 0300 51       		.byte	0x51
 405 0301 05030000 		.4byte	0x305
 406 0305 0C       		.uleb128 0xc
 407 0306 04       		.byte	0x4
 408 0307 0B030000 		.4byte	0x30b
 409 030b 0E       		.uleb128 0xe
 410 030c 16030000 		.4byte	0x316
 411 0310 0F       		.uleb128 0xf
 412 0311 16030000 		.4byte	0x316
 413 0315 00       		.byte	0
 414 0316 10       		.uleb128 0x10
 415 0317 04       		.byte	0x4
 416 0318 03       		.uleb128 0x3
 417 0319 74030000 		.4byte	.LASF57
 418 031d 05       		.byte	0x5
 419 031e 56       		.byte	0x56
 420 031f 23030000 		.4byte	0x323
 421 0323 0D       		.uleb128 0xd
 422 0324 8F010000 		.4byte	.LASF58
 423 0328 14       		.byte	0x14
 424 0329 06       		.byte	0x6
 425 032a 3901     		.2byte	0x139
 426 032c 72030000 		.4byte	0x372
 427 0330 0B       		.uleb128 0xb
 428 0331 94000000 		.4byte	.LASF49
 429 0335 06       		.byte	0x6
 430 0336 3A01     		.2byte	0x13a
 431 0338 36060000 		.4byte	0x636
 432 033c 00       		.byte	0
 433 033d 0B       		.uleb128 0xb
 434 033e 06010000 		.4byte	.LASF52
 435 0342 06       		.byte	0x6
 436 0343 3B01     		.2byte	0x13b
 437 0345 36060000 		.4byte	0x636
 438 0349 04       		.byte	0x4
 439 034a 0B       		.uleb128 0xb
 440 034b 3D060000 		.4byte	.LASF59
 441 034f 06       		.byte	0x6
 442 0350 3C01     		.2byte	0x13c
 443 0352 3D040000 		.4byte	0x43d
 444 0356 08       		.byte	0x8
 445 0357 0B       		.uleb128 0xb
 446 0358 FA000000 		.4byte	.LASF60
 447 035c 06       		.byte	0x6
 448 035d 3D01     		.2byte	0x13d
 449 035f FA020000 		.4byte	0x2fa
 450 0363 0C       		.byte	0xc
 451 0364 0A       		.uleb128 0xa
 452 0365 70617200 		.ascii	"par\000"
 453 0369 06       		.byte	0x6
 454 036a 3F01     		.2byte	0x13f
 455 036c 16030000 		.4byte	0x316
 456 0370 10       		.byte	0x10
ARM GAS  C:\Users\Pearl\AppData\Local\Temp\ccvov0rj.s 			page 9


 457 0371 00       		.byte	0
 458 0372 03       		.uleb128 0x3
 459 0373 E0050000 		.4byte	.LASF61
 460 0377 05       		.byte	0x5
 461 0378 5B       		.byte	0x5b
 462 0379 7D030000 		.4byte	0x37d
 463 037d 0D       		.uleb128 0xd
 464 037e FD010000 		.4byte	.LASF62
 465 0382 10       		.byte	0x10
 466 0383 06       		.byte	0x6
 467 0384 4901     		.2byte	0x149
 468 0386 BF030000 		.4byte	0x3bf
 469 038a 0B       		.uleb128 0xb
 470 038b 94000000 		.4byte	.LASF49
 471 038f 06       		.byte	0x6
 472 0390 4A01     		.2byte	0x14a
 473 0392 36060000 		.4byte	0x636
 474 0396 00       		.byte	0
 475 0397 0B       		.uleb128 0xb
 476 0398 06010000 		.4byte	.LASF52
 477 039c 06       		.byte	0x6
 478 039d 4C01     		.2byte	0x14c
 479 039f 36060000 		.4byte	0x636
 480 03a3 04       		.byte	0x4
 481 03a4 0B       		.uleb128 0xb
 482 03a5 3D060000 		.4byte	.LASF59
 483 03a9 06       		.byte	0x6
 484 03aa 4E01     		.2byte	0x14e
 485 03ac 3D040000 		.4byte	0x43d
 486 03b0 08       		.byte	0x8
 487 03b1 0B       		.uleb128 0xb
 488 03b2 2A050000 		.4byte	.LASF63
 489 03b6 06       		.byte	0x6
 490 03b7 5601     		.2byte	0x156
 491 03b9 32040000 		.4byte	0x432
 492 03bd 0C       		.byte	0xc
 493 03be 00       		.byte	0
 494 03bf 03       		.uleb128 0x3
 495 03c0 43030000 		.4byte	.LASF64
 496 03c4 05       		.byte	0x5
 497 03c5 60       		.byte	0x60
 498 03c6 CA030000 		.4byte	0x3ca
 499 03ca 0D       		.uleb128 0xd
 500 03cb 42010000 		.4byte	.LASF65
 501 03cf 04       		.byte	0x4
 502 03d0 06       		.byte	0x6
 503 03d1 7001     		.2byte	0x170
 504 03d3 E5030000 		.4byte	0x3e5
 505 03d7 0B       		.uleb128 0xb
 506 03d8 B6030000 		.4byte	.LASF66
 507 03dc 06       		.byte	0x6
 508 03dd 7801     		.2byte	0x178
 509 03df 1F060000 		.4byte	0x61f
 510 03e3 00       		.byte	0
 511 03e4 00       		.byte	0
 512 03e5 03       		.uleb128 0x3
 513 03e6 1F060000 		.4byte	.LASF67
ARM GAS  C:\Users\Pearl\AppData\Local\Temp\ccvov0rj.s 			page 10


 514 03ea 05       		.byte	0x5
 515 03eb 65       		.byte	0x65
 516 03ec F0030000 		.4byte	0x3f0
 517 03f0 0D       		.uleb128 0xd
 518 03f1 52040000 		.4byte	.LASF68
 519 03f5 74       		.byte	0x74
 520 03f6 06       		.byte	0x6
 521 03f7 9001     		.2byte	0x190
 522 03f9 32040000 		.4byte	0x432
 523 03fd 0B       		.uleb128 0xb
 524 03fe 3C050000 		.4byte	.LASF69
 525 0402 06       		.byte	0x6
 526 0403 9401     		.2byte	0x194
 527 0405 93020000 		.4byte	0x293
 528 0409 00       		.byte	0
 529 040a 0B       		.uleb128 0xb
 530 040b D8000000 		.4byte	.LASF70
 531 040f 06       		.byte	0x6
 532 0410 9801     		.2byte	0x198
 533 0412 72030000 		.4byte	0x372
 534 0416 1C       		.byte	0x1c
 535 0417 0A       		.uleb128 0xa
 536 0418 64626700 		.ascii	"dbg\000"
 537 041c 06       		.byte	0x6
 538 041d 9C01     		.2byte	0x19c
 539 041f BF030000 		.4byte	0x3bf
 540 0423 2C       		.byte	0x2c
 541 0424 0B       		.uleb128 0xb
 542 0425 CF030000 		.4byte	.LASF71
 543 0429 06       		.byte	0x6
 544 042a A001     		.2byte	0x1a0
 545 042c 45010000 		.4byte	0x145
 546 0430 30       		.byte	0x30
 547 0431 00       		.byte	0
 548 0432 03       		.uleb128 0x3
 549 0433 6B000000 		.4byte	.LASF72
 550 0437 07       		.byte	0x7
 551 0438 6F       		.byte	0x6f
 552 0439 BC000000 		.4byte	0xbc
 553 043d 03       		.uleb128 0x3
 554 043e 9F030000 		.4byte	.LASF73
 555 0442 07       		.byte	0x7
 556 0443 79       		.byte	0x79
 557 0444 D7000000 		.4byte	0xd7
 558 0448 11       		.uleb128 0x11
 559 0449 3A040000 		.4byte	.LASF74
 560 044d 08       		.byte	0x8
 561 044e 4007     		.2byte	0x740
 562 0450 D2000000 		.4byte	0xd2
 563 0454 12       		.uleb128 0x12
 564 0455 19000000 		.4byte	.LASF75
 565 0459 09       		.byte	0x9
 566 045a 45       		.byte	0x45
 567 045b D7000000 		.4byte	0xd7
 568 045f 13       		.uleb128 0x13
 569 0460 B7000000 		.4byte	0xb7
 570 0464 6F040000 		.4byte	0x46f
ARM GAS  C:\Users\Pearl\AppData\Local\Temp\ccvov0rj.s 			page 11


 571 0468 14       		.uleb128 0x14
 572 0469 2F000000 		.4byte	0x2f
 573 046d 0F       		.byte	0xf
 574 046e 00       		.byte	0
 575 046f 05       		.uleb128 0x5
 576 0470 5F040000 		.4byte	0x45f
 577 0474 12       		.uleb128 0x12
 578 0475 91030000 		.4byte	.LASF76
 579 0479 09       		.byte	0x9
 580 047a 46       		.byte	0x46
 581 047b 6F040000 		.4byte	0x46f
 582 047f 13       		.uleb128 0x13
 583 0480 B7000000 		.4byte	0xb7
 584 0484 8F040000 		.4byte	0x48f
 585 0488 14       		.uleb128 0x14
 586 0489 2F000000 		.4byte	0x2f
 587 048d 07       		.byte	0x7
 588 048e 00       		.byte	0
 589 048f 05       		.uleb128 0x5
 590 0490 7F040000 		.4byte	0x47f
 591 0494 12       		.uleb128 0x12
 592 0495 9C020000 		.4byte	.LASF77
 593 0499 09       		.byte	0x9
 594 049a 47       		.byte	0x47
 595 049b 8F040000 		.4byte	0x48f
 596 049f 03       		.uleb128 0x3
 597 04a0 51000000 		.4byte	.LASF78
 598 04a4 0A       		.byte	0xa
 599 04a5 65       		.byte	0x65
 600 04a6 16030000 		.4byte	0x316
 601 04aa 03       		.uleb128 0x3
 602 04ab 56060000 		.4byte	.LASF79
 603 04af 0A       		.byte	0xa
 604 04b0 6D       		.byte	0x6d
 605 04b1 E2000000 		.4byte	0xe2
 606 04b5 07       		.uleb128 0x7
 607 04b6 DF000000 		.4byte	.LASF80
 608 04ba 04       		.byte	0x4
 609 04bb 0A       		.byte	0xa
 610 04bc 89       		.byte	0x89
 611 04bd CD040000 		.4byte	0x4cd
 612 04c1 09       		.uleb128 0x9
 613 04c2 737000   		.ascii	"sp\000"
 614 04c5 0A       		.byte	0xa
 615 04c6 8A       		.byte	0x8a
 616 04c7 49050000 		.4byte	0x549
 617 04cb 00       		.byte	0
 618 04cc 00       		.byte	0
 619 04cd 0D       		.uleb128 0xd
 620 04ce 2E040000 		.4byte	.LASF81
 621 04d2 24       		.byte	0x24
 622 04d3 0B       		.byte	0xb
 623 04d4 5901     		.2byte	0x159
 624 04d6 49050000 		.4byte	0x549
 625 04da 0A       		.uleb128 0xa
 626 04db 723400   		.ascii	"r4\000"
 627 04de 0B       		.byte	0xb
ARM GAS  C:\Users\Pearl\AppData\Local\Temp\ccvov0rj.s 			page 12


 628 04df 6C01     		.2byte	0x16c
 629 04e1 9F040000 		.4byte	0x49f
 630 04e5 00       		.byte	0
 631 04e6 0A       		.uleb128 0xa
 632 04e7 723500   		.ascii	"r5\000"
 633 04ea 0B       		.byte	0xb
 634 04eb 6D01     		.2byte	0x16d
 635 04ed 9F040000 		.4byte	0x49f
 636 04f1 04       		.byte	0x4
 637 04f2 0A       		.uleb128 0xa
 638 04f3 723600   		.ascii	"r6\000"
 639 04f6 0B       		.byte	0xb
 640 04f7 6E01     		.2byte	0x16e
 641 04f9 9F040000 		.4byte	0x49f
 642 04fd 08       		.byte	0x8
 643 04fe 0A       		.uleb128 0xa
 644 04ff 723700   		.ascii	"r7\000"
 645 0502 0B       		.byte	0xb
 646 0503 6F01     		.2byte	0x16f
 647 0505 9F040000 		.4byte	0x49f
 648 0509 0C       		.byte	0xc
 649 050a 0A       		.uleb128 0xa
 650 050b 723800   		.ascii	"r8\000"
 651 050e 0B       		.byte	0xb
 652 050f 7001     		.2byte	0x170
 653 0511 9F040000 		.4byte	0x49f
 654 0515 10       		.byte	0x10
 655 0516 0A       		.uleb128 0xa
 656 0517 723900   		.ascii	"r9\000"
 657 051a 0B       		.byte	0xb
 658 051b 7101     		.2byte	0x171
 659 051d 9F040000 		.4byte	0x49f
 660 0521 14       		.byte	0x14
 661 0522 0A       		.uleb128 0xa
 662 0523 72313000 		.ascii	"r10\000"
 663 0527 0B       		.byte	0xb
 664 0528 7201     		.2byte	0x172
 665 052a 9F040000 		.4byte	0x49f
 666 052e 18       		.byte	0x18
 667 052f 0A       		.uleb128 0xa
 668 0530 72313100 		.ascii	"r11\000"
 669 0534 0B       		.byte	0xb
 670 0535 7301     		.2byte	0x173
 671 0537 9F040000 		.4byte	0x49f
 672 053b 1C       		.byte	0x1c
 673 053c 0A       		.uleb128 0xa
 674 053d 6C7200   		.ascii	"lr\000"
 675 0540 0B       		.byte	0xb
 676 0541 7401     		.2byte	0x174
 677 0543 9F040000 		.4byte	0x49f
 678 0547 20       		.byte	0x20
 679 0548 00       		.byte	0
 680 0549 0C       		.uleb128 0xc
 681 054a 04       		.byte	0x4
 682 054b CD040000 		.4byte	0x4cd
 683 054f 15       		.uleb128 0x15
 684 0550 04       		.byte	0x4
ARM GAS  C:\Users\Pearl\AppData\Local\Temp\ccvov0rj.s 			page 13


 685 0551 06       		.byte	0x6
 686 0552 C6       		.byte	0xc6
 687 0553 B1050000 		.4byte	0x5b1
 688 0557 16       		.uleb128 0x16
 689 0558 38020000 		.4byte	.LASF82
 690 055c 06       		.byte	0x6
 691 055d CD       		.byte	0xcd
 692 055e 19010000 		.4byte	0x119
 693 0562 16       		.uleb128 0x16
 694 0563 96060000 		.4byte	.LASF83
 695 0567 06       		.byte	0x6
 696 0568 D4       		.byte	0xd4
 697 0569 19010000 		.4byte	0x119
 698 056d 16       		.uleb128 0x16
 699 056e D1000000 		.4byte	.LASF84
 700 0572 06       		.byte	0x6
 701 0573 DB       		.byte	0xdb
 702 0574 16030000 		.4byte	0x316
 703 0578 16       		.uleb128 0x16
 704 0579 2B060000 		.4byte	.LASF85
 705 057d 06       		.byte	0x6
 706 057e E2       		.byte	0xe2
 707 057f B1050000 		.4byte	0x5b1
 708 0583 16       		.uleb128 0x16
 709 0584 5B010000 		.4byte	.LASF86
 710 0588 06       		.byte	0x6
 711 0589 E7       		.byte	0xe7
 712 058a 19010000 		.4byte	0x119
 713 058e 16       		.uleb128 0x16
 714 058f AA050000 		.4byte	.LASF87
 715 0593 06       		.byte	0x6
 716 0594 F0       		.byte	0xf0
 717 0595 DC050000 		.4byte	0x5dc
 718 0599 16       		.uleb128 0x16
 719 059a 29000000 		.4byte	.LASF88
 720 059e 06       		.byte	0x6
 721 059f F9       		.byte	0xf9
 722 05a0 13060000 		.4byte	0x613
 723 05a4 17       		.uleb128 0x17
 724 05a5 FF000000 		.4byte	.LASF89
 725 05a9 06       		.byte	0x6
 726 05aa 0101     		.2byte	0x101
 727 05ac 24010000 		.4byte	0x124
 728 05b0 00       		.byte	0
 729 05b1 0C       		.uleb128 0xc
 730 05b2 04       		.byte	0x4
 731 05b3 2E020000 		.4byte	0x22e
 732 05b7 07       		.uleb128 0x7
 733 05b8 7A010000 		.4byte	.LASF90
 734 05bc 0C       		.byte	0xc
 735 05bd 0C       		.byte	0xc
 736 05be 34       		.byte	0x34
 737 05bf DC050000 		.4byte	0x5dc
 738 05c3 08       		.uleb128 0x8
 739 05c4 9C050000 		.4byte	.LASF30
 740 05c8 0C       		.byte	0xc
 741 05c9 35       		.byte	0x35
ARM GAS  C:\Users\Pearl\AppData\Local\Temp\ccvov0rj.s 			page 14


 742 05ca 63020000 		.4byte	0x263
 743 05ce 00       		.byte	0
 744 05cf 09       		.uleb128 0x9
 745 05d0 636E7400 		.ascii	"cnt\000"
 746 05d4 0C       		.byte	0xc
 747 05d5 37       		.byte	0x37
 748 05d6 2F010000 		.4byte	0x12f
 749 05da 08       		.byte	0x8
 750 05db 00       		.byte	0
 751 05dc 0C       		.uleb128 0xc
 752 05dd 04       		.byte	0x4
 753 05de B7050000 		.4byte	0x5b7
 754 05e2 07       		.uleb128 0x7
 755 05e3 88020000 		.4byte	.LASF91
 756 05e7 10       		.byte	0x10
 757 05e8 0D       		.byte	0xd
 758 05e9 39       		.byte	0x39
 759 05ea 13060000 		.4byte	0x613
 760 05ee 08       		.uleb128 0x8
 761 05ef 9C050000 		.4byte	.LASF30
 762 05f3 0D       		.byte	0xd
 763 05f4 3A       		.byte	0x3a
 764 05f5 63020000 		.4byte	0x263
 765 05f9 00       		.byte	0
 766 05fa 08       		.uleb128 0x8
 767 05fb DF010000 		.4byte	.LASF92
 768 05ff 0D       		.byte	0xd
 769 0600 3C       		.byte	0x3c
 770 0601 39020000 		.4byte	0x239
 771 0605 08       		.byte	0x8
 772 0606 08       		.uleb128 0x8
 773 0607 94000000 		.4byte	.LASF49
 774 060b 0D       		.byte	0xd
 775 060c 3E       		.byte	0x3e
 776 060d 75070000 		.4byte	0x775
 777 0611 0C       		.byte	0xc
 778 0612 00       		.byte	0
 779 0613 0C       		.uleb128 0xc
 780 0614 04       		.byte	0x4
 781 0615 E2050000 		.4byte	0x5e2
 782 0619 0C       		.uleb128 0xc
 783 061a 04       		.byte	0x4
 784 061b 2B060000 		.4byte	0x62b
 785 061f 06       		.uleb128 0x6
 786 0620 19060000 		.4byte	0x619
 787 0624 04       		.uleb128 0x4
 788 0625 01       		.byte	0x1
 789 0626 08       		.byte	0x8
 790 0627 CA020000 		.4byte	.LASF93
 791 062b 05       		.uleb128 0x5
 792 062c 24060000 		.4byte	0x624
 793 0630 0C       		.uleb128 0xc
 794 0631 04       		.byte	0x4
 795 0632 AA040000 		.4byte	0x4aa
 796 0636 0C       		.uleb128 0xc
 797 0637 04       		.byte	0x4
 798 0638 18030000 		.4byte	0x318
ARM GAS  C:\Users\Pearl\AppData\Local\Temp\ccvov0rj.s 			page 15


 799 063c 18       		.uleb128 0x18
 800 063d 636800   		.ascii	"ch\000"
 801 0640 06       		.byte	0x6
 802 0641 C701     		.2byte	0x1c7
 803 0643 E5030000 		.4byte	0x3e5
 804 0647 13       		.uleb128 0x13
 805 0648 AA040000 		.4byte	0x4aa
 806 064c 52060000 		.4byte	0x652
 807 0650 19       		.uleb128 0x19
 808 0651 00       		.byte	0
 809 0652 11       		.uleb128 0x11
 810 0653 E9020000 		.4byte	.LASF94
 811 0657 0E       		.byte	0xe
 812 0658 1701     		.2byte	0x117
 813 065a 47060000 		.4byte	0x647
 814 065e 1A       		.uleb128 0x1a
 815 065f 16       		.byte	0x16
 816 0660 0F       		.byte	0xf
 817 0661 34       		.byte	0x34
 818 0662 3F070000 		.4byte	0x73f
 819 0666 08       		.uleb128 0x8
 820 0667 5E050000 		.4byte	.LASF95
 821 066b 0F       		.byte	0xf
 822 066c 35       		.byte	0x35
 823 066d 3F070000 		.4byte	0x73f
 824 0671 00       		.byte	0
 825 0672 08       		.uleb128 0x8
 826 0673 60030000 		.4byte	.LASF96
 827 0677 0F       		.byte	0xf
 828 0678 36       		.byte	0x36
 829 0679 AC000000 		.4byte	0xac
 830 067d 04       		.byte	0x4
 831 067e 08       		.uleb128 0x8
 832 067f 84030000 		.4byte	.LASF97
 833 0683 0F       		.byte	0xf
 834 0684 37       		.byte	0x37
 835 0685 AC000000 		.4byte	0xac
 836 0689 05       		.byte	0x5
 837 068a 08       		.uleb128 0x8
 838 068b 99000000 		.4byte	.LASF98
 839 068f 0F       		.byte	0xf
 840 0690 38       		.byte	0x38
 841 0691 BC000000 		.4byte	0xbc
 842 0695 06       		.byte	0x6
 843 0696 08       		.uleb128 0x8
 844 0697 89030000 		.4byte	.LASF99
 845 069b 0F       		.byte	0xf
 846 069c 39       		.byte	0x39
 847 069d AC000000 		.4byte	0xac
 848 06a1 08       		.byte	0x8
 849 06a2 08       		.uleb128 0x8
 850 06a3 10000000 		.4byte	.LASF100
 851 06a7 0F       		.byte	0xf
 852 06a8 3A       		.byte	0x3a
 853 06a9 AC000000 		.4byte	0xac
 854 06ad 09       		.byte	0x9
 855 06ae 08       		.uleb128 0x8
ARM GAS  C:\Users\Pearl\AppData\Local\Temp\ccvov0rj.s 			page 16


 856 06af 6F010000 		.4byte	.LASF101
 857 06b3 0F       		.byte	0xf
 858 06b4 3B       		.byte	0x3b
 859 06b5 AC000000 		.4byte	0xac
 860 06b9 0A       		.byte	0xa
 861 06ba 08       		.uleb128 0x8
 862 06bb 07040000 		.4byte	.LASF102
 863 06bf 0F       		.byte	0xf
 864 06c0 3C       		.byte	0x3c
 865 06c1 AC000000 		.4byte	0xac
 866 06c5 0B       		.byte	0xb
 867 06c6 08       		.uleb128 0x8
 868 06c7 AA020000 		.4byte	.LASF103
 869 06cb 0F       		.byte	0xf
 870 06cc 3D       		.byte	0x3d
 871 06cd AC000000 		.4byte	0xac
 872 06d1 0C       		.byte	0xc
 873 06d2 08       		.uleb128 0x8
 874 06d3 2F010000 		.4byte	.LASF104
 875 06d7 0F       		.byte	0xf
 876 06d8 3E       		.byte	0x3e
 877 06d9 AC000000 		.4byte	0xac
 878 06dd 0D       		.byte	0xd
 879 06de 08       		.uleb128 0x8
 880 06df 1D020000 		.4byte	.LASF105
 881 06e3 0F       		.byte	0xf
 882 06e4 3F       		.byte	0x3f
 883 06e5 AC000000 		.4byte	0xac
 884 06e9 0E       		.byte	0xe
 885 06ea 08       		.uleb128 0x8
 886 06eb 3A030000 		.4byte	.LASF106
 887 06ef 0F       		.byte	0xf
 888 06f0 40       		.byte	0x40
 889 06f1 AC000000 		.4byte	0xac
 890 06f5 0F       		.byte	0xf
 891 06f6 08       		.uleb128 0x8
 892 06f7 D2010000 		.4byte	.LASF107
 893 06fb 0F       		.byte	0xf
 894 06fc 41       		.byte	0x41
 895 06fd AC000000 		.4byte	0xac
 896 0701 10       		.byte	0x10
 897 0702 08       		.uleb128 0x8
 898 0703 27020000 		.4byte	.LASF108
 899 0707 0F       		.byte	0xf
 900 0708 42       		.byte	0x42
 901 0709 AC000000 		.4byte	0xac
 902 070d 11       		.byte	0x11
 903 070e 08       		.uleb128 0x8
 904 070f B2020000 		.4byte	.LASF109
 905 0713 0F       		.byte	0xf
 906 0714 43       		.byte	0x43
 907 0715 AC000000 		.4byte	0xac
 908 0719 12       		.byte	0x12
 909 071a 08       		.uleb128 0x8
 910 071b 61060000 		.4byte	.LASF110
 911 071f 0F       		.byte	0xf
 912 0720 44       		.byte	0x44
ARM GAS  C:\Users\Pearl\AppData\Local\Temp\ccvov0rj.s 			page 17


 913 0721 AC000000 		.4byte	0xac
 914 0725 13       		.byte	0x13
 915 0726 08       		.uleb128 0x8
 916 0727 69050000 		.4byte	.LASF111
 917 072b 0F       		.byte	0xf
 918 072c 45       		.byte	0x45
 919 072d AC000000 		.4byte	0xac
 920 0731 14       		.byte	0x14
 921 0732 08       		.uleb128 0x8
 922 0733 C8000000 		.4byte	.LASF112
 923 0737 0F       		.byte	0xf
 924 0738 46       		.byte	0x46
 925 0739 AC000000 		.4byte	0xac
 926 073d 15       		.byte	0x15
 927 073e 00       		.byte	0
 928 073f 13       		.uleb128 0x13
 929 0740 24060000 		.4byte	0x624
 930 0744 4F070000 		.4byte	0x74f
 931 0748 14       		.uleb128 0x14
 932 0749 2F000000 		.4byte	0x2f
 933 074d 03       		.byte	0x3
 934 074e 00       		.byte	0
 935 074f 03       		.uleb128 0x3
 936 0750 EF030000 		.4byte	.LASF113
 937 0754 0F       		.byte	0xf
 938 0755 47       		.byte	0x47
 939 0756 5E060000 		.4byte	0x65e
 940 075a 05       		.uleb128 0x5
 941 075b 4F070000 		.4byte	0x74f
 942 075f 12       		.uleb128 0x12
 943 0760 79060000 		.4byte	.LASF114
 944 0764 0F       		.byte	0xf
 945 0765 6C       		.byte	0x6c
 946 0766 5A070000 		.4byte	0x75a
 947 076a 03       		.uleb128 0x3
 948 076b B1050000 		.4byte	.LASF115
 949 076f 0D       		.byte	0xd
 950 0770 34       		.byte	0x34
 951 0771 E2050000 		.4byte	0x5e2
 952 0775 0C       		.uleb128 0xc
 953 0776 04       		.byte	0x4
 954 0777 6A070000 		.4byte	0x76a
 955 077b 04       		.uleb128 0x4
 956 077c 01       		.byte	0x1
 957 077d 02       		.byte	0x2
 958 077e 4B020000 		.4byte	.LASF116
 959 0782 03       		.uleb128 0x3
 960 0783 4C050000 		.4byte	.LASF117
 961 0787 10       		.byte	0x10
 962 0788 47       		.byte	0x47
 963 0789 8D070000 		.4byte	0x78d
 964 078d 0C       		.uleb128 0xc
 965 078e 04       		.byte	0x4
 966 078f 93070000 		.4byte	0x793
 967 0793 1B       		.uleb128 0x1b
 968 0794 16030000 		.4byte	0x316
 969 0798 A7070000 		.4byte	0x7a7
ARM GAS  C:\Users\Pearl\AppData\Local\Temp\ccvov0rj.s 			page 18


 970 079c 0F       		.uleb128 0xf
 971 079d 24000000 		.4byte	0x24
 972 07a1 0F       		.uleb128 0xf
 973 07a2 2F000000 		.4byte	0x2f
 974 07a6 00       		.byte	0
 975 07a7 1A       		.uleb128 0x1a
 976 07a8 08       		.byte	0x8
 977 07a9 10       		.byte	0x10
 978 07aa 51       		.byte	0x51
 979 07ab C8070000 		.4byte	0x7c8
 980 07af 08       		.uleb128 0x8
 981 07b0 8E060000 		.4byte	.LASF118
 982 07b4 10       		.byte	0x10
 983 07b5 55       		.byte	0x55
 984 07b6 C8070000 		.4byte	0x7c8
 985 07ba 00       		.byte	0
 986 07bb 08       		.uleb128 0x8
 987 07bc 6A060000 		.4byte	.LASF119
 988 07c0 10       		.byte	0x10
 989 07c1 59       		.byte	0x59
 990 07c2 C8070000 		.4byte	0x7c8
 991 07c6 04       		.byte	0x4
 992 07c7 00       		.byte	0
 993 07c8 0C       		.uleb128 0xc
 994 07c9 04       		.byte	0x4
 995 07ca AC000000 		.4byte	0xac
 996 07ce 03       		.uleb128 0x3
 997 07cf A0010000 		.4byte	.LASF120
 998 07d3 10       		.byte	0x10
 999 07d4 5A       		.byte	0x5a
 1000 07d5 A7070000 		.4byte	0x7a7
 1001 07d9 12       		.uleb128 0x12
 1002 07da 10040000 		.4byte	.LASF121
 1003 07de 10       		.byte	0x10
 1004 07df 65       		.byte	0x65
 1005 07e0 CE070000 		.4byte	0x7ce
 1006 07e4 07       		.uleb128 0x7
 1007 07e5 13060000 		.4byte	.LASF122
 1008 07e9 04       		.byte	0x4
 1009 07ea 11       		.byte	0x11
 1010 07eb 38       		.byte	0x38
 1011 07ec FD070000 		.4byte	0x7fd
 1012 07f0 08       		.uleb128 0x8
 1013 07f1 94000000 		.4byte	.LASF49
 1014 07f5 11       		.byte	0x11
 1015 07f6 39       		.byte	0x39
 1016 07f7 FD070000 		.4byte	0x7fd
 1017 07fb 00       		.byte	0
 1018 07fc 00       		.byte	0
 1019 07fd 0C       		.uleb128 0xc
 1020 07fe 04       		.byte	0x4
 1021 07ff E4070000 		.4byte	0x7e4
 1022 0803 1A       		.uleb128 0x1a
 1023 0804 10       		.byte	0x10
 1024 0805 11       		.byte	0x11
 1025 0806 40       		.byte	0x40
 1026 0807 3C080000 		.4byte	0x83c
ARM GAS  C:\Users\Pearl\AppData\Local\Temp\ccvov0rj.s 			page 19


 1027 080b 08       		.uleb128 0x8
 1028 080c 94000000 		.4byte	.LASF49
 1029 0810 11       		.byte	0x11
 1030 0811 41       		.byte	0x41
 1031 0812 FD070000 		.4byte	0x7fd
 1032 0816 00       		.byte	0
 1033 0817 08       		.uleb128 0x8
 1034 0818 3F020000 		.4byte	.LASF123
 1035 081c 11       		.byte	0x11
 1036 081d 42       		.byte	0x42
 1037 081e 24000000 		.4byte	0x24
 1038 0822 04       		.byte	0x4
 1039 0823 08       		.uleb128 0x8
 1040 0824 82060000 		.4byte	.LASF124
 1041 0828 11       		.byte	0x11
 1042 0829 44       		.byte	0x44
 1043 082a 2F000000 		.4byte	0x2f
 1044 082e 08       		.byte	0x8
 1045 082f 08       		.uleb128 0x8
 1046 0830 21050000 		.4byte	.LASF125
 1047 0834 11       		.byte	0x11
 1048 0835 45       		.byte	0x45
 1049 0836 82070000 		.4byte	0x782
 1050 083a 0C       		.byte	0xc
 1051 083b 00       		.byte	0
 1052 083c 03       		.uleb128 0x3
 1053 083d F9030000 		.4byte	.LASF126
 1054 0841 11       		.byte	0x11
 1055 0842 47       		.byte	0x47
 1056 0843 03080000 		.4byte	0x803
 1057 0847 07       		.uleb128 0x7
 1058 0848 0C030000 		.4byte	.LASF127
 1059 084c 10       		.byte	0x10
 1060 084d 12       		.byte	0x12
 1061 084e 93       		.byte	0x93
 1062 084f 78080000 		.4byte	0x878
 1063 0853 08       		.uleb128 0x8
 1064 0854 94000000 		.4byte	.LASF49
 1065 0858 12       		.byte	0x12
 1066 0859 97       		.byte	0x97
 1067 085a 78080000 		.4byte	0x878
 1068 085e 00       		.byte	0
 1069 085f 08       		.uleb128 0x8
 1070 0860 C3000000 		.4byte	.LASF38
 1071 0864 12       		.byte	0x12
 1072 0865 9B       		.byte	0x9b
 1073 0866 3A010000 		.4byte	0x13a
 1074 086a 04       		.byte	0x4
 1075 086b 08       		.uleb128 0x8
 1076 086c 59050000 		.4byte	.LASF34
 1077 0870 12       		.byte	0x12
 1078 0871 9D       		.byte	0x9d
 1079 0872 7E080000 		.4byte	0x87e
 1080 0876 08       		.byte	0x8
 1081 0877 00       		.byte	0
 1082 0878 0C       		.uleb128 0xc
 1083 0879 04       		.byte	0x4
ARM GAS  C:\Users\Pearl\AppData\Local\Temp\ccvov0rj.s 			page 20


 1084 087a 47080000 		.4byte	0x847
 1085 087e 13       		.uleb128 0x13
 1086 087f 24060000 		.4byte	0x624
 1087 0883 8E080000 		.4byte	0x88e
 1088 0887 14       		.uleb128 0x14
 1089 0888 2F000000 		.4byte	0x2f
 1090 088c 07       		.byte	0x7
 1091 088d 00       		.byte	0
 1092 088e 03       		.uleb128 0x3
 1093 088f F6050000 		.4byte	.LASF128
 1094 0893 12       		.byte	0x12
 1095 0894 A1       		.byte	0xa1
 1096 0895 47080000 		.4byte	0x847
 1097 0899 07       		.uleb128 0x7
 1098 089a 2E030000 		.4byte	.LASF129
 1099 089e 04       		.byte	0x4
 1100 089f 12       		.byte	0x12
 1101 08a0 A6       		.byte	0xa6
 1102 08a1 B2080000 		.4byte	0x8b2
 1103 08a5 08       		.uleb128 0x8
 1104 08a6 94000000 		.4byte	.LASF49
 1105 08aa 12       		.byte	0x12
 1106 08ab A7       		.byte	0xa7
 1107 08ac B2080000 		.4byte	0x8b2
 1108 08b0 00       		.byte	0
 1109 08b1 00       		.byte	0
 1110 08b2 0C       		.uleb128 0xc
 1111 08b3 04       		.byte	0x4
 1112 08b4 8E080000 		.4byte	0x88e
 1113 08b8 03       		.uleb128 0x3
 1114 08b9 5A000000 		.4byte	.LASF130
 1115 08bd 12       		.byte	0x12
 1116 08be A8       		.byte	0xa8
 1117 08bf 99080000 		.4byte	0x899
 1118 08c3 0D       		.uleb128 0xd
 1119 08c4 1C010000 		.4byte	.LASF131
 1120 08c8 44       		.byte	0x44
 1121 08c9 12       		.byte	0x12
 1122 08ca 1101     		.2byte	0x111
 1123 08cc 39090000 		.4byte	0x939
 1124 08d0 0A       		.uleb128 0xa
 1125 08d1 6D747800 		.ascii	"mtx\000"
 1126 08d5 12       		.byte	0x12
 1127 08d6 1601     		.2byte	0x116
 1128 08d8 6A070000 		.4byte	0x76a
 1129 08dc 00       		.byte	0
 1130 08dd 0B       		.uleb128 0xb
 1131 08de B0000000 		.4byte	.LASF132
 1132 08e2 12       		.byte	0x12
 1133 08e3 1D01     		.2byte	0x11d
 1134 08e5 B8080000 		.4byte	0x8b8
 1135 08e9 10       		.byte	0x10
 1136 08ea 0B       		.uleb128 0xb
 1137 08eb 6B030000 		.4byte	.LASF133
 1138 08ef 12       		.byte	0x12
 1139 08f0 2101     		.2byte	0x121
 1140 08f2 3C080000 		.4byte	0x83c
ARM GAS  C:\Users\Pearl\AppData\Local\Temp\ccvov0rj.s 			page 21


 1141 08f6 14       		.byte	0x14
 1142 08f7 0B       		.uleb128 0xb
 1143 08f8 AD030000 		.4byte	.LASF134
 1144 08fc 12       		.byte	0x12
 1145 08fd 2601     		.2byte	0x126
 1146 08ff B8080000 		.4byte	0x8b8
 1147 0903 24       		.byte	0x24
 1148 0904 0B       		.uleb128 0xb
 1149 0905 9F060000 		.4byte	.LASF135
 1150 0909 12       		.byte	0x12
 1151 090a 2C01     		.2byte	0x12c
 1152 090c B8080000 		.4byte	0x8b8
 1153 0910 28       		.byte	0x28
 1154 0911 0B       		.uleb128 0xb
 1155 0912 C1020000 		.4byte	.LASF136
 1156 0916 12       		.byte	0x12
 1157 0917 3001     		.2byte	0x130
 1158 0919 3C080000 		.4byte	0x83c
 1159 091d 2C       		.byte	0x2c
 1160 091e 0B       		.uleb128 0xb
 1161 091f 04060000 		.4byte	.LASF137
 1162 0923 12       		.byte	0x12
 1163 0924 3601     		.2byte	0x136
 1164 0926 B8080000 		.4byte	0x8b8
 1165 092a 3C       		.byte	0x3c
 1166 092b 0B       		.uleb128 0xb
 1167 092c 47000000 		.4byte	.LASF138
 1168 0930 12       		.byte	0x12
 1169 0931 3C01     		.2byte	0x13c
 1170 0933 B8080000 		.4byte	0x8b8
 1171 0937 40       		.byte	0x40
 1172 0938 00       		.byte	0
 1173 0939 1C       		.uleb128 0x1c
 1174 093a 76020000 		.4byte	.LASF139
 1175 093e 12       		.byte	0x12
 1176 093f 3E01     		.2byte	0x13e
 1177 0941 C3080000 		.4byte	0x8c3
 1178 0945 11       		.uleb128 0x11
 1179 0946 47040000 		.4byte	.LASF140
 1180 094a 12       		.byte	0x12
 1181 094b 4901     		.2byte	0x149
 1182 094d 39090000 		.4byte	0x939
 1183 0951 00       		.byte	0
 1184              		.section	.debug_abbrev,"",%progbits
 1185              	.Ldebug_abbrev0:
 1186 0000 01       		.uleb128 0x1
 1187 0001 11       		.uleb128 0x11
 1188 0002 01       		.byte	0x1
 1189 0003 25       		.uleb128 0x25
 1190 0004 0E       		.uleb128 0xe
 1191 0005 13       		.uleb128 0x13
 1192 0006 0B       		.uleb128 0xb
 1193 0007 03       		.uleb128 0x3
 1194 0008 0E       		.uleb128 0xe
 1195 0009 1B       		.uleb128 0x1b
 1196 000a 0E       		.uleb128 0xe
 1197 000b 10       		.uleb128 0x10
ARM GAS  C:\Users\Pearl\AppData\Local\Temp\ccvov0rj.s 			page 22


 1198 000c 17       		.uleb128 0x17
 1199 000d 00       		.byte	0
 1200 000e 00       		.byte	0
 1201 000f 02       		.uleb128 0x2
 1202 0010 24       		.uleb128 0x24
 1203 0011 00       		.byte	0
 1204 0012 0B       		.uleb128 0xb
 1205 0013 0B       		.uleb128 0xb
 1206 0014 3E       		.uleb128 0x3e
 1207 0015 0B       		.uleb128 0xb
 1208 0016 03       		.uleb128 0x3
 1209 0017 08       		.uleb128 0x8
 1210 0018 00       		.byte	0
 1211 0019 00       		.byte	0
 1212 001a 03       		.uleb128 0x3
 1213 001b 16       		.uleb128 0x16
 1214 001c 00       		.byte	0
 1215 001d 03       		.uleb128 0x3
 1216 001e 0E       		.uleb128 0xe
 1217 001f 3A       		.uleb128 0x3a
 1218 0020 0B       		.uleb128 0xb
 1219 0021 3B       		.uleb128 0x3b
 1220 0022 0B       		.uleb128 0xb
 1221 0023 49       		.uleb128 0x49
 1222 0024 13       		.uleb128 0x13
 1223 0025 00       		.byte	0
 1224 0026 00       		.byte	0
 1225 0027 04       		.uleb128 0x4
 1226 0028 24       		.uleb128 0x24
 1227 0029 00       		.byte	0
 1228 002a 0B       		.uleb128 0xb
 1229 002b 0B       		.uleb128 0xb
 1230 002c 3E       		.uleb128 0x3e
 1231 002d 0B       		.uleb128 0xb
 1232 002e 03       		.uleb128 0x3
 1233 002f 0E       		.uleb128 0xe
 1234 0030 00       		.byte	0
 1235 0031 00       		.byte	0
 1236 0032 05       		.uleb128 0x5
 1237 0033 26       		.uleb128 0x26
 1238 0034 00       		.byte	0
 1239 0035 49       		.uleb128 0x49
 1240 0036 13       		.uleb128 0x13
 1241 0037 00       		.byte	0
 1242 0038 00       		.byte	0
 1243 0039 06       		.uleb128 0x6
 1244 003a 35       		.uleb128 0x35
 1245 003b 00       		.byte	0
 1246 003c 49       		.uleb128 0x49
 1247 003d 13       		.uleb128 0x13
 1248 003e 00       		.byte	0
 1249 003f 00       		.byte	0
 1250 0040 07       		.uleb128 0x7
 1251 0041 13       		.uleb128 0x13
 1252 0042 01       		.byte	0x1
 1253 0043 03       		.uleb128 0x3
 1254 0044 0E       		.uleb128 0xe
ARM GAS  C:\Users\Pearl\AppData\Local\Temp\ccvov0rj.s 			page 23


 1255 0045 0B       		.uleb128 0xb
 1256 0046 0B       		.uleb128 0xb
 1257 0047 3A       		.uleb128 0x3a
 1258 0048 0B       		.uleb128 0xb
 1259 0049 3B       		.uleb128 0x3b
 1260 004a 0B       		.uleb128 0xb
 1261 004b 01       		.uleb128 0x1
 1262 004c 13       		.uleb128 0x13
 1263 004d 00       		.byte	0
 1264 004e 00       		.byte	0
 1265 004f 08       		.uleb128 0x8
 1266 0050 0D       		.uleb128 0xd
 1267 0051 00       		.byte	0
 1268 0052 03       		.uleb128 0x3
 1269 0053 0E       		.uleb128 0xe
 1270 0054 3A       		.uleb128 0x3a
 1271 0055 0B       		.uleb128 0xb
 1272 0056 3B       		.uleb128 0x3b
 1273 0057 0B       		.uleb128 0xb
 1274 0058 49       		.uleb128 0x49
 1275 0059 13       		.uleb128 0x13
 1276 005a 38       		.uleb128 0x38
 1277 005b 0B       		.uleb128 0xb
 1278 005c 00       		.byte	0
 1279 005d 00       		.byte	0
 1280 005e 09       		.uleb128 0x9
 1281 005f 0D       		.uleb128 0xd
 1282 0060 00       		.byte	0
 1283 0061 03       		.uleb128 0x3
 1284 0062 08       		.uleb128 0x8
 1285 0063 3A       		.uleb128 0x3a
 1286 0064 0B       		.uleb128 0xb
 1287 0065 3B       		.uleb128 0x3b
 1288 0066 0B       		.uleb128 0xb
 1289 0067 49       		.uleb128 0x49
 1290 0068 13       		.uleb128 0x13
 1291 0069 38       		.uleb128 0x38
 1292 006a 0B       		.uleb128 0xb
 1293 006b 00       		.byte	0
 1294 006c 00       		.byte	0
 1295 006d 0A       		.uleb128 0xa
 1296 006e 0D       		.uleb128 0xd
 1297 006f 00       		.byte	0
 1298 0070 03       		.uleb128 0x3
 1299 0071 08       		.uleb128 0x8
 1300 0072 3A       		.uleb128 0x3a
 1301 0073 0B       		.uleb128 0xb
 1302 0074 3B       		.uleb128 0x3b
 1303 0075 05       		.uleb128 0x5
 1304 0076 49       		.uleb128 0x49
 1305 0077 13       		.uleb128 0x13
 1306 0078 38       		.uleb128 0x38
 1307 0079 0B       		.uleb128 0xb
 1308 007a 00       		.byte	0
 1309 007b 00       		.byte	0
 1310 007c 0B       		.uleb128 0xb
 1311 007d 0D       		.uleb128 0xd
ARM GAS  C:\Users\Pearl\AppData\Local\Temp\ccvov0rj.s 			page 24


 1312 007e 00       		.byte	0
 1313 007f 03       		.uleb128 0x3
 1314 0080 0E       		.uleb128 0xe
 1315 0081 3A       		.uleb128 0x3a
 1316 0082 0B       		.uleb128 0xb
 1317 0083 3B       		.uleb128 0x3b
 1318 0084 05       		.uleb128 0x5
 1319 0085 49       		.uleb128 0x49
 1320 0086 13       		.uleb128 0x13
 1321 0087 38       		.uleb128 0x38
 1322 0088 0B       		.uleb128 0xb
 1323 0089 00       		.byte	0
 1324 008a 00       		.byte	0
 1325 008b 0C       		.uleb128 0xc
 1326 008c 0F       		.uleb128 0xf
 1327 008d 00       		.byte	0
 1328 008e 0B       		.uleb128 0xb
 1329 008f 0B       		.uleb128 0xb
 1330 0090 49       		.uleb128 0x49
 1331 0091 13       		.uleb128 0x13
 1332 0092 00       		.byte	0
 1333 0093 00       		.byte	0
 1334 0094 0D       		.uleb128 0xd
 1335 0095 13       		.uleb128 0x13
 1336 0096 01       		.byte	0x1
 1337 0097 03       		.uleb128 0x3
 1338 0098 0E       		.uleb128 0xe
 1339 0099 0B       		.uleb128 0xb
 1340 009a 0B       		.uleb128 0xb
 1341 009b 3A       		.uleb128 0x3a
 1342 009c 0B       		.uleb128 0xb
 1343 009d 3B       		.uleb128 0x3b
 1344 009e 05       		.uleb128 0x5
 1345 009f 01       		.uleb128 0x1
 1346 00a0 13       		.uleb128 0x13
 1347 00a1 00       		.byte	0
 1348 00a2 00       		.byte	0
 1349 00a3 0E       		.uleb128 0xe
 1350 00a4 15       		.uleb128 0x15
 1351 00a5 01       		.byte	0x1
 1352 00a6 27       		.uleb128 0x27
 1353 00a7 19       		.uleb128 0x19
 1354 00a8 01       		.uleb128 0x1
 1355 00a9 13       		.uleb128 0x13
 1356 00aa 00       		.byte	0
 1357 00ab 00       		.byte	0
 1358 00ac 0F       		.uleb128 0xf
 1359 00ad 05       		.uleb128 0x5
 1360 00ae 00       		.byte	0
 1361 00af 49       		.uleb128 0x49
 1362 00b0 13       		.uleb128 0x13
 1363 00b1 00       		.byte	0
 1364 00b2 00       		.byte	0
 1365 00b3 10       		.uleb128 0x10
 1366 00b4 0F       		.uleb128 0xf
 1367 00b5 00       		.byte	0
 1368 00b6 0B       		.uleb128 0xb
ARM GAS  C:\Users\Pearl\AppData\Local\Temp\ccvov0rj.s 			page 25


 1369 00b7 0B       		.uleb128 0xb
 1370 00b8 00       		.byte	0
 1371 00b9 00       		.byte	0
 1372 00ba 11       		.uleb128 0x11
 1373 00bb 34       		.uleb128 0x34
 1374 00bc 00       		.byte	0
 1375 00bd 03       		.uleb128 0x3
 1376 00be 0E       		.uleb128 0xe
 1377 00bf 3A       		.uleb128 0x3a
 1378 00c0 0B       		.uleb128 0xb
 1379 00c1 3B       		.uleb128 0x3b
 1380 00c2 05       		.uleb128 0x5
 1381 00c3 49       		.uleb128 0x49
 1382 00c4 13       		.uleb128 0x13
 1383 00c5 3F       		.uleb128 0x3f
 1384 00c6 19       		.uleb128 0x19
 1385 00c7 3C       		.uleb128 0x3c
 1386 00c8 19       		.uleb128 0x19
 1387 00c9 00       		.byte	0
 1388 00ca 00       		.byte	0
 1389 00cb 12       		.uleb128 0x12
 1390 00cc 34       		.uleb128 0x34
 1391 00cd 00       		.byte	0
 1392 00ce 03       		.uleb128 0x3
 1393 00cf 0E       		.uleb128 0xe
 1394 00d0 3A       		.uleb128 0x3a
 1395 00d1 0B       		.uleb128 0xb
 1396 00d2 3B       		.uleb128 0x3b
 1397 00d3 0B       		.uleb128 0xb
 1398 00d4 49       		.uleb128 0x49
 1399 00d5 13       		.uleb128 0x13
 1400 00d6 3F       		.uleb128 0x3f
 1401 00d7 19       		.uleb128 0x19
 1402 00d8 3C       		.uleb128 0x3c
 1403 00d9 19       		.uleb128 0x19
 1404 00da 00       		.byte	0
 1405 00db 00       		.byte	0
 1406 00dc 13       		.uleb128 0x13
 1407 00dd 01       		.uleb128 0x1
 1408 00de 01       		.byte	0x1
 1409 00df 49       		.uleb128 0x49
 1410 00e0 13       		.uleb128 0x13
 1411 00e1 01       		.uleb128 0x1
 1412 00e2 13       		.uleb128 0x13
 1413 00e3 00       		.byte	0
 1414 00e4 00       		.byte	0
 1415 00e5 14       		.uleb128 0x14
 1416 00e6 21       		.uleb128 0x21
 1417 00e7 00       		.byte	0
 1418 00e8 49       		.uleb128 0x49
 1419 00e9 13       		.uleb128 0x13
 1420 00ea 2F       		.uleb128 0x2f
 1421 00eb 0B       		.uleb128 0xb
 1422 00ec 00       		.byte	0
 1423 00ed 00       		.byte	0
 1424 00ee 15       		.uleb128 0x15
 1425 00ef 17       		.uleb128 0x17
ARM GAS  C:\Users\Pearl\AppData\Local\Temp\ccvov0rj.s 			page 26


 1426 00f0 01       		.byte	0x1
 1427 00f1 0B       		.uleb128 0xb
 1428 00f2 0B       		.uleb128 0xb
 1429 00f3 3A       		.uleb128 0x3a
 1430 00f4 0B       		.uleb128 0xb
 1431 00f5 3B       		.uleb128 0x3b
 1432 00f6 0B       		.uleb128 0xb
 1433 00f7 01       		.uleb128 0x1
 1434 00f8 13       		.uleb128 0x13
 1435 00f9 00       		.byte	0
 1436 00fa 00       		.byte	0
 1437 00fb 16       		.uleb128 0x16
 1438 00fc 0D       		.uleb128 0xd
 1439 00fd 00       		.byte	0
 1440 00fe 03       		.uleb128 0x3
 1441 00ff 0E       		.uleb128 0xe
 1442 0100 3A       		.uleb128 0x3a
 1443 0101 0B       		.uleb128 0xb
 1444 0102 3B       		.uleb128 0x3b
 1445 0103 0B       		.uleb128 0xb
 1446 0104 49       		.uleb128 0x49
 1447 0105 13       		.uleb128 0x13
 1448 0106 00       		.byte	0
 1449 0107 00       		.byte	0
 1450 0108 17       		.uleb128 0x17
 1451 0109 0D       		.uleb128 0xd
 1452 010a 00       		.byte	0
 1453 010b 03       		.uleb128 0x3
 1454 010c 0E       		.uleb128 0xe
 1455 010d 3A       		.uleb128 0x3a
 1456 010e 0B       		.uleb128 0xb
 1457 010f 3B       		.uleb128 0x3b
 1458 0110 05       		.uleb128 0x5
 1459 0111 49       		.uleb128 0x49
 1460 0112 13       		.uleb128 0x13
 1461 0113 00       		.byte	0
 1462 0114 00       		.byte	0
 1463 0115 18       		.uleb128 0x18
 1464 0116 34       		.uleb128 0x34
 1465 0117 00       		.byte	0
 1466 0118 03       		.uleb128 0x3
 1467 0119 08       		.uleb128 0x8
 1468 011a 3A       		.uleb128 0x3a
 1469 011b 0B       		.uleb128 0xb
 1470 011c 3B       		.uleb128 0x3b
 1471 011d 05       		.uleb128 0x5
 1472 011e 49       		.uleb128 0x49
 1473 011f 13       		.uleb128 0x13
 1474 0120 3F       		.uleb128 0x3f
 1475 0121 19       		.uleb128 0x19
 1476 0122 3C       		.uleb128 0x3c
 1477 0123 19       		.uleb128 0x19
 1478 0124 00       		.byte	0
 1479 0125 00       		.byte	0
 1480 0126 19       		.uleb128 0x19
 1481 0127 21       		.uleb128 0x21
 1482 0128 00       		.byte	0
ARM GAS  C:\Users\Pearl\AppData\Local\Temp\ccvov0rj.s 			page 27


 1483 0129 00       		.byte	0
 1484 012a 00       		.byte	0
 1485 012b 1A       		.uleb128 0x1a
 1486 012c 13       		.uleb128 0x13
 1487 012d 01       		.byte	0x1
 1488 012e 0B       		.uleb128 0xb
 1489 012f 0B       		.uleb128 0xb
 1490 0130 3A       		.uleb128 0x3a
 1491 0131 0B       		.uleb128 0xb
 1492 0132 3B       		.uleb128 0x3b
 1493 0133 0B       		.uleb128 0xb
 1494 0134 01       		.uleb128 0x1
 1495 0135 13       		.uleb128 0x13
 1496 0136 00       		.byte	0
 1497 0137 00       		.byte	0
 1498 0138 1B       		.uleb128 0x1b
 1499 0139 15       		.uleb128 0x15
 1500 013a 01       		.byte	0x1
 1501 013b 27       		.uleb128 0x27
 1502 013c 19       		.uleb128 0x19
 1503 013d 49       		.uleb128 0x49
 1504 013e 13       		.uleb128 0x13
 1505 013f 01       		.uleb128 0x1
 1506 0140 13       		.uleb128 0x13
 1507 0141 00       		.byte	0
 1508 0142 00       		.byte	0
 1509 0143 1C       		.uleb128 0x1c
 1510 0144 16       		.uleb128 0x16
 1511 0145 00       		.byte	0
 1512 0146 03       		.uleb128 0x3
 1513 0147 0E       		.uleb128 0xe
 1514 0148 3A       		.uleb128 0x3a
 1515 0149 0B       		.uleb128 0xb
 1516 014a 3B       		.uleb128 0x3b
 1517 014b 05       		.uleb128 0x5
 1518 014c 49       		.uleb128 0x49
 1519 014d 13       		.uleb128 0x13
 1520 014e 00       		.byte	0
 1521 014f 00       		.byte	0
 1522 0150 00       		.byte	0
 1523              		.section	.debug_aranges,"",%progbits
 1524 0000 14000000 		.4byte	0x14
 1525 0004 0200     		.2byte	0x2
 1526 0006 00000000 		.4byte	.Ldebug_info0
 1527 000a 04       		.byte	0x4
 1528 000b 00       		.byte	0
 1529 000c 0000     		.2byte	0
 1530 000e 0000     		.2byte	0
 1531 0010 00000000 		.4byte	0
 1532 0014 00000000 		.4byte	0
 1533              		.section	.debug_line,"",%progbits
 1534              	.Ldebug_line0:
 1535 0000 C6020000 		.section	.debug_str,"MS",%progbits,1
 1535      0200C002 
 1535      00000201 
 1535      FB0E0D00 
 1535      01010101 
ARM GAS  C:\Users\Pearl\AppData\Local\Temp\ccvov0rj.s 			page 28


 1536              	.LASF48:
 1537 0000 63685F74 		.ascii	"ch_threads_list\000"
 1537      68726561 
 1537      64735F6C 
 1537      69737400 
 1538              	.LASF100:
 1539 0010 74696D65 		.ascii	"timesize\000"
 1539      73697A65 
 1539      00
 1540              	.LASF75:
 1541 0019 53797374 		.ascii	"SystemCoreClock\000"
 1541      656D436F 
 1541      7265436C 
 1541      6F636B00 
 1542              	.LASF88:
 1543 0029 77746D74 		.ascii	"wtmtxp\000"
 1543      787000
 1544              	.LASF142:
 1545 0030 2E2F2F6F 		.ascii	".//os/rt/src/chtrace.c\000"
 1545      732F7274 
 1545      2F737263 
 1545      2F636874 
 1545      72616365 
 1546              	.LASF138:
 1547 0047 6669666F 		.ascii	"fifo_list\000"
 1547      5F6C6973 
 1547      7400
 1548              	.LASF78:
 1549 0051 72656761 		.ascii	"regarm_t\000"
 1549      726D5F74 
 1549      00
 1550              	.LASF130:
 1551 005a 64796E5F 		.ascii	"dyn_list_t\000"
 1551      6C697374 
 1551      5F7400
 1552              	.LASF37:
 1553 0065 666C6167 		.ascii	"flags\000"
 1553      7300
 1554              	.LASF72:
 1555 006b 73797374 		.ascii	"systime_t\000"
 1555      696D655F 
 1555      7400
 1556              	.LASF43:
 1557 0075 7265616C 		.ascii	"realprio\000"
 1557      7072696F 
 1557      00
 1558              	.LASF41:
 1559 007e 6570656E 		.ascii	"epending\000"
 1559      64696E67 
 1559      00
 1560              	.LASF0:
 1561 0087 756E7369 		.ascii	"unsigned int\000"
 1561      676E6564 
 1561      20696E74 
 1561      00
 1562              	.LASF49:
 1563 0094 6E657874 		.ascii	"next\000"
ARM GAS  C:\Users\Pearl\AppData\Local\Temp\ccvov0rj.s 			page 29


 1563      00
 1564              	.LASF98:
 1565 0099 76657273 		.ascii	"version\000"
 1565      696F6E00 
 1566              	.LASF46:
 1567 00a1 74687265 		.ascii	"threads_list_t\000"
 1567      6164735F 
 1567      6C697374 
 1567      5F7400
 1568              	.LASF132:
 1569 00b0 6F626A5F 		.ascii	"obj_list\000"
 1569      6C697374 
 1569      00
 1570              	.LASF10:
 1571 00b9 5F5F696E 		.ascii	"__int32_t\000"
 1571      7433325F 
 1571      7400
 1572              	.LASF38:
 1573 00c3 72656673 		.ascii	"refs\000"
 1573      00
 1574              	.LASF112:
 1575 00c8 6F66665F 		.ascii	"off_time\000"
 1575      74696D65 
 1575      00
 1576              	.LASF84:
 1577 00d1 77746F62 		.ascii	"wtobjp\000"
 1577      6A7000
 1578              	.LASF70:
 1579 00d8 76746C69 		.ascii	"vtlist\000"
 1579      737400
 1580              	.LASF80:
 1581 00df 706F7274 		.ascii	"port_context\000"
 1581      5F636F6E 
 1581      74657874 
 1581      00
 1582              	.LASF54:
 1583 00ec 63685F72 		.ascii	"ch_ready_list\000"
 1583      65616479 
 1583      5F6C6973 
 1583      7400
 1584              	.LASF60:
 1585 00fa 66756E63 		.ascii	"func\000"
 1585      00
 1586              	.LASF89:
 1587 00ff 65776D61 		.ascii	"ewmask\000"
 1587      736B00
 1588              	.LASF52:
 1589 0106 70726576 		.ascii	"prev\000"
 1589      00
 1590              	.LASF51:
 1591 010b 63685F74 		.ascii	"ch_threads_queue\000"
 1591      68726561 
 1591      64735F71 
 1591      75657565 
 1591      00
 1592              	.LASF131:
 1593 011c 63685F6F 		.ascii	"ch_objects_factory\000"
ARM GAS  C:\Users\Pearl\AppData\Local\Temp\ccvov0rj.s 			page 30


 1593      626A6563 
 1593      74735F66 
 1593      6163746F 
 1593      727900
 1594              	.LASF104:
 1595 012f 6F66665F 		.ascii	"off_newer\000"
 1595      6E657765 
 1595      7200
 1596              	.LASF56:
 1597 0139 76746675 		.ascii	"vtfunc_t\000"
 1597      6E635F74 
 1597      00
 1598              	.LASF65:
 1599 0142 63685F73 		.ascii	"ch_system_debug\000"
 1599      79737465 
 1599      6D5F6465 
 1599      62756700 
 1600              	.LASF19:
 1601 0152 75696E74 		.ascii	"uint32_t\000"
 1601      33325F74 
 1601      00
 1602              	.LASF86:
 1603 015b 73656E74 		.ascii	"sentmsg\000"
 1603      6D736700 
 1604              	.LASF26:
 1605 0163 6576656E 		.ascii	"eventmask_t\000"
 1605      746D6173 
 1605      6B5F7400 
 1606              	.LASF101:
 1607 016f 74687265 		.ascii	"threadsize\000"
 1607      61647369 
 1607      7A6500
 1608              	.LASF90:
 1609 017a 63685F73 		.ascii	"ch_semaphore\000"
 1609      656D6170 
 1609      686F7265 
 1609      00
 1610              	.LASF24:
 1611 0187 74707269 		.ascii	"tprio_t\000"
 1611      6F5F7400 
 1612              	.LASF58:
 1613 018f 63685F76 		.ascii	"ch_virtual_timer\000"
 1613      69727475 
 1613      616C5F74 
 1613      696D6572 
 1613      00
 1614              	.LASF120:
 1615 01a0 6D656D63 		.ascii	"memcore_t\000"
 1615      6F72655F 
 1615      7400
 1616              	.LASF15:
 1617 01aa 6C6F6E67 		.ascii	"long long unsigned int\000"
 1617      206C6F6E 
 1617      6720756E 
 1617      7369676E 
 1617      65642069 
 1618              	.LASF8:
ARM GAS  C:\Users\Pearl\AppData\Local\Temp\ccvov0rj.s 			page 31


 1619 01c1 5F5F7569 		.ascii	"__uint16_t\000"
 1619      6E743136 
 1619      5F7400
 1620              	.LASF27:
 1621 01cc 636E745F 		.ascii	"cnt_t\000"
 1621      7400
 1622              	.LASF107:
 1623 01d2 6F66665F 		.ascii	"off_stklimit\000"
 1623      73746B6C 
 1623      696D6974 
 1623      00
 1624              	.LASF92:
 1625 01df 6F776E65 		.ascii	"owner\000"
 1625      7200
 1626              	.LASF50:
 1627 01e5 74687265 		.ascii	"threads_queue_t\000"
 1627      6164735F 
 1627      71756575 
 1627      655F7400 
 1628              	.LASF42:
 1629 01f5 6D74786C 		.ascii	"mtxlist\000"
 1629      69737400 
 1630              	.LASF62:
 1631 01fd 63685F76 		.ascii	"ch_virtual_timers_list\000"
 1631      69727475 
 1631      616C5F74 
 1631      696D6572 
 1631      735F6C69 
 1632              	.LASF29:
 1633 0214 74687265 		.ascii	"thread_t\000"
 1633      61645F74 
 1633      00
 1634              	.LASF105:
 1635 021d 6F66665F 		.ascii	"off_older\000"
 1635      6F6C6465 
 1635      7200
 1636              	.LASF108:
 1637 0227 6F66665F 		.ascii	"off_state\000"
 1637      73746174 
 1637      6500
 1638              	.LASF4:
 1639 0231 73697A65 		.ascii	"size_t\000"
 1639      5F7400
 1640              	.LASF82:
 1641 0238 7264796D 		.ascii	"rdymsg\000"
 1641      736700
 1642              	.LASF123:
 1643 023f 6F626A65 		.ascii	"object_size\000"
 1643      63745F73 
 1643      697A6500 
 1644              	.LASF116:
 1645 024b 5F426F6F 		.ascii	"_Bool\000"
 1645      6C00
 1646              	.LASF143:
 1647 0251 433A5C55 		.ascii	"C:\\Users\\Pearl\\RM\\assignment2-master\000"
 1647      73657273 
 1647      5C506561 
ARM GAS  C:\Users\Pearl\AppData\Local\Temp\ccvov0rj.s 			page 32


 1647      726C5C52 
 1647      4D5C6173 
 1648              	.LASF139:
 1649 0276 6F626A65 		.ascii	"objects_factory_t\000"
 1649      6374735F 
 1649      66616374 
 1649      6F72795F 
 1649      7400
 1650              	.LASF91:
 1651 0288 63685F6D 		.ascii	"ch_mutex\000"
 1651      75746578 
 1651      00
 1652              	.LASF14:
 1653 0291 5F5F7569 		.ascii	"__uint64_t\000"
 1653      6E743634 
 1653      5F7400
 1654              	.LASF77:
 1655 029c 41504250 		.ascii	"APBPrescTable\000"
 1655      72657363 
 1655      5461626C 
 1655      6500
 1656              	.LASF103:
 1657 02aa 6F66665F 		.ascii	"off_ctx\000"
 1657      63747800 
 1658              	.LASF109:
 1659 02b2 6F66665F 		.ascii	"off_flags\000"
 1659      666C6167 
 1659      7300
 1660              	.LASF31:
 1661 02bc 7072696F 		.ascii	"prio\000"
 1661      00
 1662              	.LASF136:
 1663 02c1 73656D5F 		.ascii	"sem_pool\000"
 1663      706F6F6C 
 1663      00
 1664              	.LASF93:
 1665 02ca 63686172 		.ascii	"char\000"
 1665      00
 1666              	.LASF45:
 1667 02cf 74687265 		.ascii	"thread_reference_t\000"
 1667      61645F72 
 1667      65666572 
 1667      656E6365 
 1667      5F7400
 1668              	.LASF35:
 1669 02e2 77616261 		.ascii	"wabase\000"
 1669      736500
 1670              	.LASF94:
 1671 02e9 63685F69 		.ascii	"ch_idle_thread_wa\000"
 1671      646C655F 
 1671      74687265 
 1671      61645F77 
 1671      6100
 1672              	.LASF22:
 1673 02fb 74737461 		.ascii	"tstate_t\000"
 1673      74655F74 
 1673      00
ARM GAS  C:\Users\Pearl\AppData\Local\Temp\ccvov0rj.s 			page 33


 1674              	.LASF16:
 1675 0304 75696E74 		.ascii	"uint8_t\000"
 1675      385F7400 
 1676              	.LASF127:
 1677 030c 63685F64 		.ascii	"ch_dyn_element\000"
 1677      796E5F65 
 1677      6C656D65 
 1677      6E7400
 1678              	.LASF40:
 1679 031b 6D736771 		.ascii	"msgqueue\000"
 1679      75657565 
 1679      00
 1680              	.LASF47:
 1681 0324 63685F74 		.ascii	"ch_thread\000"
 1681      68726561 
 1681      6400
 1682              	.LASF129:
 1683 032e 63685F64 		.ascii	"ch_dyn_list\000"
 1683      796E5F6C 
 1683      69737400 
 1684              	.LASF106:
 1685 033a 6F66665F 		.ascii	"off_name\000"
 1685      6E616D65 
 1685      00
 1686              	.LASF64:
 1687 0343 73797374 		.ascii	"system_debug_t\000"
 1687      656D5F64 
 1687      65627567 
 1687      5F7400
 1688              	.LASF1:
 1689 0352 6C6F6E67 		.ascii	"long long int\000"
 1689      206C6F6E 
 1689      6720696E 
 1689      7400
 1690              	.LASF96:
 1691 0360 7A65726F 		.ascii	"zero\000"
 1691      00
 1692              	.LASF25:
 1693 0365 6D73675F 		.ascii	"msg_t\000"
 1693      7400
 1694              	.LASF133:
 1695 036b 6F626A5F 		.ascii	"obj_pool\000"
 1695      706F6F6C 
 1695      00
 1696              	.LASF57:
 1697 0374 76697274 		.ascii	"virtual_timer_t\000"
 1697      75616C5F 
 1697      74696D65 
 1697      725F7400 
 1698              	.LASF97:
 1699 0384 73697A65 		.ascii	"size\000"
 1699      00
 1700              	.LASF99:
 1701 0389 70747273 		.ascii	"ptrsize\000"
 1701      697A6500 
 1702              	.LASF76:
 1703 0391 41484250 		.ascii	"AHBPrescTable\000"
ARM GAS  C:\Users\Pearl\AppData\Local\Temp\ccvov0rj.s 			page 34


 1703      72657363 
 1703      5461626C 
 1703      6500
 1704              	.LASF73:
 1705 039f 73797369 		.ascii	"sysinterval_t\000"
 1705      6E746572 
 1705      76616C5F 
 1705      7400
 1706              	.LASF134:
 1707 03ad 6275665F 		.ascii	"buf_list\000"
 1707      6C697374 
 1707      00
 1708              	.LASF66:
 1709 03b6 70616E69 		.ascii	"panic_msg\000"
 1709      635F6D73 
 1709      6700
 1710              	.LASF21:
 1711 03c0 746D6F64 		.ascii	"tmode_t\000"
 1711      655F7400 
 1712              	.LASF28:
 1713 03c8 75636E74 		.ascii	"ucnt_t\000"
 1713      5F7400
 1714              	.LASF71:
 1715 03cf 6D61696E 		.ascii	"mainthread\000"
 1715      74687265 
 1715      616400
 1716              	.LASF2:
 1717 03da 6C6F6E67 		.ascii	"long double\000"
 1717      20646F75 
 1717      626C6500 
 1718              	.LASF17:
 1719 03e6 75696E74 		.ascii	"uint16_t\000"
 1719      31365F74 
 1719      00
 1720              	.LASF113:
 1721 03ef 63686465 		.ascii	"chdebug_t\000"
 1721      6275675F 
 1721      7400
 1722              	.LASF126:
 1723 03f9 6D656D6F 		.ascii	"memory_pool_t\000"
 1723      72795F70 
 1723      6F6F6C5F 
 1723      7400
 1724              	.LASF102:
 1725 0407 6F66665F 		.ascii	"off_prio\000"
 1725      7072696F 
 1725      00
 1726              	.LASF121:
 1727 0410 63685F6D 		.ascii	"ch_memcore\000"
 1727      656D636F 
 1727      726500
 1728              	.LASF7:
 1729 041b 73686F72 		.ascii	"short int\000"
 1729      7420696E 
 1729      7400
 1730              	.LASF11:
 1731 0425 6C6F6E67 		.ascii	"long int\000"
ARM GAS  C:\Users\Pearl\AppData\Local\Temp\ccvov0rj.s 			page 35


 1731      20696E74 
 1731      00
 1732              	.LASF81:
 1733 042e 706F7274 		.ascii	"port_intctx\000"
 1733      5F696E74 
 1733      63747800 
 1734              	.LASF74:
 1735 043a 49544D5F 		.ascii	"ITM_RxBuffer\000"
 1735      52784275 
 1735      66666572 
 1735      00
 1736              	.LASF140:
 1737 0447 63685F66 		.ascii	"ch_factory\000"
 1737      6163746F 
 1737      727900
 1738              	.LASF68:
 1739 0452 63685F73 		.ascii	"ch_system\000"
 1739      79737465 
 1739      6D00
 1740              	.LASF141:
 1741 045c 474E5520 		.ascii	"GNU C11 7.2.1 20170904 (release) [ARM/embedded-7-br"
 1741      43313120 
 1741      372E322E 
 1741      31203230 
 1741      31373039 
 1742 048f 616E6368 		.ascii	"anch revision 255204] -mcpu=cortex-m3 -mthumb -ggdb"
 1742      20726576 
 1742      6973696F 
 1742      6E203235 
 1742      35323034 
 1743 04c2 202D4F32 		.ascii	" -O2 -fomit-frame-pointer -falign-functions=16 -ffu"
 1743      202D666F 
 1743      6D69742D 
 1743      6672616D 
 1743      652D706F 
 1744 04f5 6E637469 		.ascii	"nction-sections -fdata-sections -fno-common\000"
 1744      6F6E2D73 
 1744      65637469 
 1744      6F6E7320 
 1744      2D666461 
 1745              	.LASF125:
 1746 0521 70726F76 		.ascii	"provider\000"
 1746      69646572 
 1746      00
 1747              	.LASF63:
 1748 052a 6C617374 		.ascii	"lasttime\000"
 1748      74696D65 
 1748      00
 1749              	.LASF20:
 1750 0533 75696E74 		.ascii	"uint64_t\000"
 1750      36345F74 
 1750      00
 1751              	.LASF69:
 1752 053c 726C6973 		.ascii	"rlist\000"
 1752      7400
 1753              	.LASF5:
 1754 0542 5F5F7569 		.ascii	"__uint8_t\000"
ARM GAS  C:\Users\Pearl\AppData\Local\Temp\ccvov0rj.s 			page 36


 1754      6E74385F 
 1754      7400
 1755              	.LASF117:
 1756 054c 6D656D67 		.ascii	"memgetfunc_t\000"
 1756      65746675 
 1756      6E635F74 
 1756      00
 1757              	.LASF34:
 1758 0559 6E616D65 		.ascii	"name\000"
 1758      00
 1759              	.LASF95:
 1760 055e 6964656E 		.ascii	"identifier\000"
 1760      74696669 
 1760      657200
 1761              	.LASF111:
 1762 0569 6F66665F 		.ascii	"off_preempt\000"
 1762      70726565 
 1762      6D707400 
 1763              	.LASF23:
 1764 0575 74726566 		.ascii	"trefs_t\000"
 1764      735F7400 
 1765              	.LASF13:
 1766 057d 6C6F6E67 		.ascii	"long unsigned int\000"
 1766      20756E73 
 1766      69676E65 
 1766      6420696E 
 1766      7400
 1767              	.LASF53:
 1768 058f 72656164 		.ascii	"ready_list_t\000"
 1768      795F6C69 
 1768      73745F74 
 1768      00
 1769              	.LASF30:
 1770 059c 71756575 		.ascii	"queue\000"
 1770      6500
 1771              	.LASF18:
 1772 05a2 696E7433 		.ascii	"int32_t\000"
 1772      325F7400 
 1773              	.LASF87:
 1774 05aa 77747365 		.ascii	"wtsemp\000"
 1774      6D7000
 1775              	.LASF115:
 1776 05b1 6D757465 		.ascii	"mutex_t\000"
 1776      785F7400 
 1777              	.LASF32:
 1778 05b9 6E657765 		.ascii	"newer\000"
 1778      7200
 1779              	.LASF6:
 1780 05bf 756E7369 		.ascii	"unsigned char\000"
 1780      676E6564 
 1780      20636861 
 1780      7200
 1781              	.LASF12:
 1782 05cd 5F5F7569 		.ascii	"__uint32_t\000"
 1782      6E743332 
 1782      5F7400
 1783              	.LASF39:
ARM GAS  C:\Users\Pearl\AppData\Local\Temp\ccvov0rj.s 			page 37


 1784 05d8 77616974 		.ascii	"waiting\000"
 1784      696E6700 
 1785              	.LASF61:
 1786 05e0 76697274 		.ascii	"virtual_timers_list_t\000"
 1786      75616C5F 
 1786      74696D65 
 1786      72735F6C 
 1786      6973745F 
 1787              	.LASF128:
 1788 05f6 64796E5F 		.ascii	"dyn_element_t\000"
 1788      656C656D 
 1788      656E745F 
 1788      7400
 1789              	.LASF137:
 1790 0604 6D62785F 		.ascii	"mbx_list\000"
 1790      6C697374 
 1790      00
 1791              	.LASF36:
 1792 060d 73746174 		.ascii	"state\000"
 1792      6500
 1793              	.LASF122:
 1794 0613 706F6F6C 		.ascii	"pool_header\000"
 1794      5F686561 
 1794      64657200 
 1795              	.LASF67:
 1796 061f 63685F73 		.ascii	"ch_system_t\000"
 1796      79737465 
 1796      6D5F7400 
 1797              	.LASF85:
 1798 062b 77747472 		.ascii	"wttrp\000"
 1798      7000
 1799              	.LASF3:
 1800 0631 7369676E 		.ascii	"signed char\000"
 1800      65642063 
 1800      68617200 
 1801              	.LASF59:
 1802 063d 64656C74 		.ascii	"delta\000"
 1802      6100
 1803              	.LASF9:
 1804 0643 73686F72 		.ascii	"short unsigned int\000"
 1804      7420756E 
 1804      7369676E 
 1804      65642069 
 1804      6E7400
 1805              	.LASF79:
 1806 0656 73746B61 		.ascii	"stkalign_t\000"
 1806      6C69676E 
 1806      5F7400
 1807              	.LASF110:
 1808 0661 6F66665F 		.ascii	"off_refs\000"
 1808      72656673 
 1808      00
 1809              	.LASF119:
 1810 066a 656E646D 		.ascii	"endmem\000"
 1810      656D00
 1811              	.LASF55:
 1812 0671 63757272 		.ascii	"current\000"
ARM GAS  C:\Users\Pearl\AppData\Local\Temp\ccvov0rj.s 			page 38


 1812      656E7400 
 1813              	.LASF114:
 1814 0679 63685F64 		.ascii	"ch_debug\000"
 1814      65627567 
 1814      00
 1815              	.LASF124:
 1816 0682 616C6967 		.ascii	"align\000"
 1816      6E00
 1817              	.LASF33:
 1818 0688 6F6C6465 		.ascii	"older\000"
 1818      7200
 1819              	.LASF118:
 1820 068e 6E657874 		.ascii	"nextmem\000"
 1820      6D656D00 
 1821              	.LASF83:
 1822 0696 65786974 		.ascii	"exitcode\000"
 1822      636F6465 
 1822      00
 1823              	.LASF135:
 1824 069f 73656D5F 		.ascii	"sem_list\000"
 1824      6C697374 
 1824      00
 1825              	.LASF44:
 1826 06a8 6D706F6F 		.ascii	"mpool\000"
 1826      6C00
 1827              		.ident	"GCC: (GNU Tools for Arm Embedded Processors 7-2017-q4-major) 7.2.1 20170904 (release) [ARM
ARM GAS  C:\Users\Pearl\AppData\Local\Temp\ccvov0rj.s 			page 39


DEFINED SYMBOLS
                            *ABS*:00000000 chtrace.c

NO UNDEFINED SYMBOLS
